# JRE version: OpenJDK Runtime Environment (17.0.11) (build 17.0.11+0--11852314)
# Java VM: OpenJDK 64-Bit Server VM (17.0.11+0--11852314, mixed mode, tiered, compressed oops, compressed class ptrs, g1 gc, windows-amd64)
GC Precious Log:
 CPUs: 2 total, 2 available
 Memory: 3534M
 Large Page Support: Disabled
 NUMA Support: Disabled
 Compressed Oops: Enabled (32-bit)
 Heap Region Size: 1M
 Heap Min Capacity: 8M
 Heap Initial Capacity: 56M
 Heap Max Capacity: 2G
 Pre-touch: Disabled
 Parallel Workers: 2
 Concurrent Workers: 1
 Concurrent Refinement Workers: 2
 Periodic GC: Disabled
Heap:
 garbage-first heap   total 460800K, used 353226K [0x0000000080000000, 0x0000000100000000)
  region size 1024K, 38 young (38912K), 9 survivors (9216K)
 Metaspace       used 228250K, committed 229376K, reserved 1310720K
  class space    used 28992K, committed 29568K, reserved 1048576K
GC Heap History (20 events):
Event: 3850.537 GC heap before
{Heap before GC invocations=141 (full 0):
 garbage-first heap   total 460800K, used 408811K [0x0000000080000000, 0x0000000100000000)
  region size 1024K, 93 young (95232K), 5 survivors (5120K)
 Metaspace       used 227848K, committed 228992K, reserved 1310720K
  class space    used 28971K, committed 29504K, reserved 1048576K
}
Event: 3850.575 GC heap after
{Heap after GC invocations=142 (full 0):
 garbage-first heap   total 460800K, used 318976K [0x0000000080000000, 0x0000000100000000)
  region size 1024K, 5 young (5120K), 5 survivors (5120K)
 Metaspace       used 227848K, committed 228992K, reserved 1310720K
  class space    used 28971K, committed 29504K, reserved 1048576K
}
Event: 3852.266 GC heap before
{Heap before GC invocations=142 (full 0):
 garbage-first heap   total 460800K, used 409088K [0x0000000080000000, 0x0000000100000000)
  region size 1024K, 93 young (95232K), 5 survivors (5120K)
 Metaspace       used 227961K, committed 229120K, reserved 1310720K
  class space    used 28986K, committed 29568K, reserved 1048576K
}
Event: 3852.285 GC heap after
{Heap after GC invocations=143 (full 0):
 garbage-first heap   total 460800K, used 319460K [0x0000000080000000, 0x0000000100000000)
  region size 1024K, 6 young (6144K), 6 survivors (6144K)
 Metaspace       used 227961K, committed 229120K, reserved 1310720K
  class space    used 28986K, committed 29568K, reserved 1048576K
}
Event: 3856.510 GC heap before
{Heap before GC invocations=143 (full 0):
 garbage-first heap   total 460800K, used 408548K [0x0000000080000000, 0x0000000100000000)
  region size 1024K, 92 young (94208K), 6 survivors (6144K)
 Metaspace       used 228117K, committed 229248K, reserved 1310720K
  class space    used 28990K, committed 29568K, reserved 1048576K
}
Event: 3856.641 GC heap after
{Heap after GC invocations=144 (full 0):
 garbage-first heap   total 460800K, used 319536K [0x0000000080000000, 0x0000000100000000)
  region size 1024K, 5 young (5120K), 5 survivors (5120K)
 Metaspace       used 228117K, committed 229248K, reserved 1310720K
  class space    used 28990K, committed 29568K, reserved 1048576K
}
Event: 3862.042 GC heap before
{Heap before GC invocations=144 (full 0):
 garbage-first heap   total 460800K, used 408624K [0x0000000080000000, 0x0000000100000000)
  region size 1024K, 92 young (94208K), 5 survivors (5120K)
 Metaspace       used 228159K, committed 229312K, reserved 1310720K
  class space    used 28990K, committed 29568K, reserved 1048576K
}
Event: 3862.199 GC heap after
{Heap after GC invocations=145 (full 0):
 garbage-first heap   total 460800K, used 319605K [0x0000000080000000, 0x0000000100000000)
  region size 1024K, 6 young (6144K), 6 survivors (6144K)
 Metaspace       used 228159K, committed 229312K, reserved 1310720K
  class space    used 28990K, committed 29568K, reserved 1048576K
}
Event: 3863.766 GC heap before
{Heap before GC invocations=145 (full 0):
 garbage-first heap   total 460800K, used 407669K [0x0000000080000000, 0x0000000100000000)
  region size 1024K, 92 young (94208K), 6 survivors (6144K)
 Metaspace       used 228168K, committed 229312K, reserved 1310720K
  class space    used 28990K, committed 29568K, reserved 1048576K
}
Event: 3863.799 GC heap after
{Heap after GC invocations=146 (full 0):
 garbage-first heap   total 460800K, used 319867K [0x0000000080000000, 0x0000000100000000)
  region size 1024K, 6 young (6144K), 6 survivors (6144K)
 Metaspace       used 228168K, committed 229312K, reserved 1310720K
  class space    used 28990K, committed 29568K, reserved 1048576K
}
Event: 3865.730 GC heap before
{Heap before GC invocations=146 (full 0):
 garbage-first heap   total 460800K, used 407931K [0x0000000080000000, 0x0000000100000000)
  region size 1024K, 92 young (94208K), 6 survivors (6144K)
 Metaspace       used 228196K, committed 229376K, reserved 1310720K
  class space    used 28992K, committed 29568K, reserved 1048576K
}
Event: 3865.746 GC heap after
{Heap after GC invocations=147 (full 0):
 garbage-first heap   total 460800K, used 319063K [0x0000000080000000, 0x0000000100000000)
  region size 1024K, 5 young (5120K), 5 survivors (5120K)
 Metaspace       used 228196K, committed 229376K, reserved 1310720K
  class space    used 28992K, committed 29568K, reserved 1048576K
}
Event: 3867.620 GC heap before
{Heap before GC invocations=147 (full 0):
 garbage-first heap   total 460800K, used 408151K [0x0000000080000000, 0x0000000100000000)
  region size 1024K, 92 young (94208K), 5 survivors (5120K)
 Metaspace       used 228205K, committed 229376K, reserved 1310720K
  class space    used 28992K, committed 29568K, reserved 1048576K
}
Event: 3867.641 GC heap after
{Heap after GC invocations=148 (full 0):
 garbage-first heap   total 460800K, used 319679K [0x0000000080000000, 0x0000000100000000)
  region size 1024K, 5 young (5120K), 5 survivors (5120K)
 Metaspace       used 228205K, committed 229376K, reserved 1310720K
  class space    used 28992K, committed 29568K, reserved 1048576K
}
Event: 3871.558 GC heap before
{Heap before GC invocations=148 (full 0):
 garbage-first heap   total 460800K, used 408767K [0x0000000080000000, 0x0000000100000000)
  region size 1024K, 92 young (94208K), 5 survivors (5120K)
 Metaspace       used 228211K, committed 229376K, reserved 1310720K
  class space    used 28992K, committed 29568K, reserved 1048576K
}
Event: 3871.599 GC heap after
{Heap after GC invocations=149 (full 0):
 garbage-first heap   total 460800K, used 320462K [0x0000000080000000, 0x0000000100000000)
  region size 1024K, 6 young (6144K), 6 survivors (6144K)
 Metaspace       used 228211K, committed 229376K, reserved 1310720K
  class space    used 28992K, committed 29568K, reserved 1048576K
}
Event: 3872.969 GC heap before
{Heap before GC invocations=149 (full 0):
 garbage-first heap   total 460800K, used 407502K [0x0000000080000000, 0x0000000100000000)
  region size 1024K, 91 young (93184K), 6 survivors (6144K)
 Metaspace       used 228230K, committed 229376K, reserved 1310720K
  class space    used 28992K, committed 29568K, reserved 1048576K
}
Event: 3872.992 GC heap after
{Heap after GC invocations=150 (full 0):
 garbage-first heap   total 460800K, used 320708K [0x0000000080000000, 0x0000000100000000)
  region size 1024K, 6 young (6144K), 6 survivors (6144K)
 Metaspace       used 228230K, committed 229376K, reserved 1310720K
  class space    used 28992K, committed 29568K, reserved 1048576K
}
Event: 3874.279 GC heap before
{Heap before GC invocations=150 (full 0):
 garbage-first heap   total 460800K, used 407748K [0x0000000080000000, 0x0000000100000000)
  region size 1024K, 91 young (93184K), 6 survivors (6144K)
 Metaspace       used 228248K, committed 229376K, reserved 1310720K
  class space    used 28992K, committed 29568K, reserved 1048576K
}
Event: 3874.319 GC heap after
{Heap after GC invocations=151 (full 0):
 garbage-first heap   total 460800K, used 324554K [0x0000000080000000, 0x0000000100000000)
  region size 1024K, 9 young (9216K), 9 survivors (9216K)
 Metaspace       used 228248K, committed 229376K, reserved 1310720K
  class space    used 28992K, committed 29568K, reserved 1048576K
}

