# JRE version: OpenJDK Runtime Environment (17.0.11) (build 17.0.11+0--11852314)
# Java VM: OpenJDK 64-Bit Server VM (17.0.11+0--11852314, mixed mode, tiered, compressed oops, compressed class ptrs, g1 gc, windows-amd64)
GC Precious Log:
 CPUs: 2 total, 2 available
 Memory: 3534M
 Large Page Support: Disabled
 NUMA Support: Disabled
 Compressed Oops: Enabled (32-bit)
 Heap Region Size: 1M
 Heap Min Capacity: 8M
 Heap Initial Capacity: 56M
 Heap Max Capacity: 2G
 Pre-touch: Disabled
 Parallel Workers: 2
 Concurrent Workers: 1
 Concurrent Refinement Workers: 2
 Periodic GC: Disabled
Heap:
 garbage-first heap   total 595968K, used 375807K [0x0000000080000000, 0x0000000100000000)
  region size 1024K, 4 young (4096K), 4 survivors (4096K)
 Metaspace       used 117638K, committed 118464K, reserved 1179648K
  class space    used 16118K, committed 16512K, reserved 1048576K
GC Heap History (20 events):
Event: 615.482 GC heap after
{Heap after GC invocations=138 (full 0):
 garbage-first heap   total 532480K, used 261119K [0x0000000080000000, 0x0000000100000000)
  region size 1024K, 9 young (9216K), 9 survivors (9216K)
 Metaspace       used 115259K, committed 116096K, reserved 1179648K
  class space    used 15891K, committed 16320K, reserved 1048576K
}
Event: 616.708 GC heap before
{Heap before GC invocations=138 (full 0):
 garbage-first heap   total 532480K, used 462847K [0x0000000080000000, 0x0000000100000000)
  region size 1024K, 206 young (210944K), 9 survivors (9216K)
 Metaspace       used 115270K, committed 116096K, reserved 1179648K
  class space    used 15893K, committed 16320K, reserved 1048576K
}
Event: 616.746 GC heap after
{Heap after GC invocations=139 (full 0):
 garbage-first heap   total 532480K, used 262143K [0x0000000080000000, 0x0000000100000000)
  region size 1024K, 10 young (10240K), 10 survivors (10240K)
 Metaspace       used 115270K, committed 116096K, reserved 1179648K
  class space    used 15893K, committed 16320K, reserved 1048576K
}
Event: 618.220 GC heap before
{Heap before GC invocations=139 (full 0):
 garbage-first heap   total 532480K, used 465919K [0x0000000080000000, 0x0000000100000000)
  region size 1024K, 209 young (214016K), 10 survivors (10240K)
 Metaspace       used 115277K, committed 116096K, reserved 1179648K
  class space    used 15893K, committed 16320K, reserved 1048576K
}
Event: 618.256 GC heap after
{Heap after GC invocations=140 (full 0):
 garbage-first heap   total 532480K, used 263679K [0x0000000080000000, 0x0000000100000000)
  region size 1024K, 11 young (11264K), 11 survivors (11264K)
 Metaspace       used 115277K, committed 116096K, reserved 1179648K
  class space    used 15893K, committed 16320K, reserved 1048576K
}
Event: 620.237 GC heap before
{Heap before GC invocations=140 (full 0):
 garbage-first heap   total 532480K, used 467455K [0x0000000080000000, 0x0000000100000000)
  region size 1024K, 210 young (215040K), 11 survivors (11264K)
 Metaspace       used 115278K, committed 116096K, reserved 1179648K
  class space    used 15893K, committed 16320K, reserved 1048576K
}
Event: 620.271 GC heap after
{Heap after GC invocations=141 (full 0):
 garbage-first heap   total 595968K, used 264191K [0x0000000080000000, 0x0000000100000000)
  region size 1024K, 12 young (12288K), 12 survivors (12288K)
 Metaspace       used 115278K, committed 116096K, reserved 1179648K
  class space    used 15893K, committed 16320K, reserved 1048576K
}
Event: 635.475 GC heap before
{Heap before GC invocations=141 (full 0):
 garbage-first heap   total 595968K, used 546815K [0x0000000080000000, 0x0000000100000000)
  region size 1024K, 264 young (270336K), 12 survivors (12288K)
 Metaspace       used 116761K, committed 117632K, reserved 1179648K
  class space    used 16015K, committed 16448K, reserved 1048576K
}
Event: 636.037 GC heap after
{Heap after GC invocations=142 (full 0):
 garbage-first heap   total 595968K, used 278015K [0x0000000080000000, 0x0000000100000000)
  region size 1024K, 13 young (13312K), 13 survivors (13312K)
 Metaspace       used 116761K, committed 117632K, reserved 1179648K
  class space    used 16015K, committed 16448K, reserved 1048576K
}
Event: 637.629 GC heap before
{Heap before GC invocations=142 (full 0):
 garbage-first heap   total 595968K, used 314879K [0x0000000080000000, 0x0000000100000000)
  region size 1024K, 29 young (29696K), 13 survivors (13312K)
 Metaspace       used 117150K, committed 118016K, reserved 1179648K
  class space    used 16082K, committed 16512K, reserved 1048576K
}
Event: 637.873 GC heap after
{Heap after GC invocations=143 (full 0):
 garbage-first heap   total 595968K, used 291784K [0x0000000080000000, 0x0000000100000000)
  region size 1024K, 4 young (4096K), 4 survivors (4096K)
 Metaspace       used 117150K, committed 118016K, reserved 1179648K
  class space    used 16082K, committed 16512K, reserved 1048576K
}
Event: 646.327 GC heap before
{Heap before GC invocations=143 (full 0):
 garbage-first heap   total 595968K, used 377800K [0x0000000080000000, 0x0000000100000000)
  region size 1024K, 78 young (79872K), 4 survivors (4096K)
 Metaspace       used 117559K, committed 118336K, reserved 1179648K
  class space    used 16115K, committed 16512K, reserved 1048576K
}
Event: 646.535 GC heap after
{Heap after GC invocations=144 (full 0):
 garbage-first heap   total 595968K, used 327167K [0x0000000080000000, 0x0000000100000000)
  region size 1024K, 10 young (10240K), 10 survivors (10240K)
 Metaspace       used 117559K, committed 118336K, reserved 1179648K
  class space    used 16115K, committed 16512K, reserved 1048576K
}
Event: 647.428 GC heap before
{Heap before GC invocations=144 (full 0):
 garbage-first heap   total 595968K, used 346623K [0x0000000080000000, 0x0000000100000000)
  region size 1024K, 29 young (29696K), 10 survivors (10240K)
 Metaspace       used 117569K, committed 118336K, reserved 1179648K
  class space    used 16115K, committed 16512K, reserved 1048576K
}
Event: 647.601 GC heap after
{Heap after GC invocations=145 (full 0):
 garbage-first heap   total 595968K, used 337919K [0x0000000080000000, 0x0000000100000000)
  region size 1024K, 4 young (4096K), 4 survivors (4096K)
 Metaspace       used 117569K, committed 118336K, reserved 1179648K
  class space    used 16115K, committed 16512K, reserved 1048576K
}
Event: 648.151 GC heap before
{Heap before GC invocations=145 (full 0):
 garbage-first heap   total 595968K, used 363519K [0x0000000080000000, 0x0000000100000000)
  region size 1024K, 29 young (29696K), 4 survivors (4096K)
 Metaspace       used 117569K, committed 118336K, reserved 1179648K
  class space    used 16115K, committed 16512K, reserved 1048576K
}
Event: 648.272 GC heap after
{Heap after GC invocations=146 (full 0):
 garbage-first heap   total 595968K, used 350719K [0x0000000080000000, 0x0000000100000000)
  region size 1024K, 4 young (4096K), 4 survivors (4096K)
 Metaspace       used 117569K, committed 118336K, reserved 1179648K
  class space    used 16115K, committed 16512K, reserved 1048576K
}
Event: 648.650 GC heap before
{Heap before GC invocations=146 (full 0):
 garbage-first heap   total 595968K, used 376319K [0x0000000080000000, 0x0000000100000000)
  region size 1024K, 29 young (29696K), 4 survivors (4096K)
 Metaspace       used 117570K, committed 118336K, reserved 1179648K
  class space    used 16115K, committed 16512K, reserved 1048576K
}
Event: 648.761 GC heap after
{Heap after GC invocations=147 (full 0):
 garbage-first heap   total 595968K, used 364031K [0x0000000080000000, 0x0000000100000000)
  region size 1024K, 4 young (4096K), 4 survivors (4096K)
 Metaspace       used 117570K, committed 118336K, reserved 1179648K
  class space    used 16115K, committed 16512K, reserved 1048576K
}
Event: 650.410 GC heap before
{Heap before GC invocations=147 (full 0):
 garbage-first heap   total 595968K, used 388607K [0x0000000080000000, 0x0000000100000000)
  region size 1024K, 29 young (29696K), 4 survivors (4096K)
 Metaspace       used 117638K, committed 118464K, reserved 1179648K
  class space    used 16118K, committed 16512K, reserved 1048576K
}

